<?xml version="1.0" encoding="UTF-8"?>
<testsuite name="sub.ListSorterTest" tests="5" skipped="0" failures="0" errors="0" timestamp="2020-07-03T08:22:33" hostname="AL01271506.local" time="0.002">
  <properties/>
  <testcase name="testMergeSort" classname="sub.ListSorterTest" time="0.001"/>
  <testcase name="testTopK" classname="sub.ListSorterTest" time="0.0"/>
  <testcase name="testHeapSort" classname="sub.ListSorterTest" time="0.001"/>
  <testcase name="testMergeSortInPlace" classname="sub.ListSorterTest" time="0.0"/>
  <testcase name="testInsertionSort" classname="sub.ListSorterTest" time="0.0"/>
  <system-out><![CDATA[]]></system-out>
  <system-err><![CDATA[]]></system-err>
</testsuite>
